197028 [restartedMain] INFO  com.example.PW14.java.Application – Starting Application using Java 15.0.2 on crat with PID 11257 (/home/krummchuuuk/Рабочий стол/ВУЗ/Шаблоны программных платформ языка Java/PW14.java/bin/main started by krummchuuuk in /home/krummchuuuk/Рабочий стол/ВУЗ/Шаблоны программных платформ языка Java/PW14.java)
197030 [restartedMain] INFO  com.example.PW14.java.Application – No active profile set, falling back to default profiles: default
197258 [restartedMain] INFO  o.s.d.r.c.RepositoryConfigurationDelegate – Bootstrapping Spring Data JPA repositories in DEFAULT mode.
197260 [restartedMain] INFO  o.s.d.r.c.RepositoryConfigurationDelegate – Finished Spring Data repository scanning in 1 ms. Found 0 JPA repository interfaces.
197261 [restartedMain] INFO  o.s.d.r.c.RepositoryConfigurationDelegate – Bootstrapping Spring Data JPA repositories in DEFAULT mode.
197271 [restartedMain] INFO  o.s.d.r.c.RepositoryConfigurationDelegate – Finished Spring Data repository scanning in 9 ms. Found 2 JPA repository interfaces.
197509 [restartedMain] INFO  o.s.b.w.e.tomcat.TomcatWebServer – Tomcat initialized with port(s): 8080 (http)
197512 [restartedMain] INFO  o.a.coyote.http11.Http11NioProtocol – Initializing ProtocolHandler ["http-nio-8080"]
197513 [restartedMain] INFO  o.a.catalina.core.StandardService – Starting service [Tomcat]
197515 [restartedMain] INFO  o.a.catalina.core.StandardEngine – Starting Servlet engine: [Apache Tomcat/9.0.45]
197535 [restartedMain] INFO  o.a.c.c.C.[Tomcat].[localhost].[/] – Initializing Spring embedded WebApplicationContext
197536 [restartedMain] INFO  o.s.b.w.s.c.ServletWebServerApplicationContext – Root WebApplicationContext: initialization completed in 496 ms
197617 [restartedMain] INFO  o.h.jpa.internal.util.LogHelper – HHH000204: Processing PersistenceUnitInfo [name: default]
197774 [restartedMain] INFO  org.hibernate.dialect.Dialect – HHH000400: Using dialect: org.hibernate.dialect.PostgreSQL10Dialect
197954 [restartedMain] INFO  o.h.e.t.j.p.i.JtaPlatformInitiator – HHH000490: Using JtaPlatform implementation: [org.hibernate.engine.transaction.jta.platform.internal.NoJtaPlatform]
197955 [restartedMain] INFO  o.s.o.j.LocalContainerEntityManagerFactoryBean – Initialized JPA EntityManagerFactory for persistence unit 'default'
198070 [restartedMain] WARN  o.s.b.a.o.j.JpaBaseConfiguration$JpaWebConfiguration – spring.jpa.open-in-view is enabled by default. Therefore, database queries may be performed during view rendering. Explicitly configure spring.jpa.open-in-view to disable this warning
198132 [restartedMain] INFO  o.s.s.c.ThreadPoolTaskExecutor – Initializing ExecutorService 'applicationTaskExecutor'
198241 [restartedMain] INFO  o.s.b.d.a.OptionalLiveReloadServer – LiveReload server is running on port 35729
198253 [restartedMain] INFO  o.a.coyote.http11.Http11NioProtocol – Starting ProtocolHandler ["http-nio-8080"]
198293 [restartedMain] INFO  o.s.b.w.e.tomcat.TomcatWebServer – Tomcat started on port(s): 8080 (http) with context path ''
198306 [restartedMain] INFO  com.example.PW14.java.Application – Started Application in 1.358 seconds (JVM running for 198.627)
198315 [restartedMain] INFO  o.s.b.d.a.ConditionEvaluationDeltaLoggingListener – Condition evaluation unchanged
1087 [restartedMain] INFO  com.example.PW14.java.Application – Starting Application using Java 15.0.2 on crat with PID 11608 (/home/krummchuuuk/Рабочий стол/ВУЗ/Шаблоны программных платформ языка Java/PW14.java/bin/main started by krummchuuuk in /home/krummchuuuk/Рабочий стол/ВУЗ/Шаблоны программных платформ языка Java/PW14.java)
1096 [restartedMain] INFO  com.example.PW14.java.Application – No active profile set, falling back to default profiles: default
1258 [restartedMain] INFO  o.s.b.d.e.DevToolsPropertyDefaultsPostProcessor – Devtools property defaults active! Set 'spring.devtools.add-properties' to 'false' to disable
1263 [restartedMain] INFO  o.s.b.d.e.DevToolsPropertyDefaultsPostProcessor – For additional web related logging consider setting the 'logging.level.web' property to 'DEBUG'
2262 [restartedMain] INFO  o.s.d.r.c.RepositoryConfigurationDelegate – Bootstrapping Spring Data JPA repositories in DEFAULT mode.
2317 [restartedMain] INFO  o.s.d.r.c.RepositoryConfigurationDelegate – Finished Spring Data repository scanning in 13 ms. Found 0 JPA repository interfaces.
2324 [restartedMain] INFO  o.s.d.r.c.RepositoryConfigurationDelegate – Bootstrapping Spring Data JPA repositories in DEFAULT mode.
2420 [restartedMain] INFO  o.s.d.r.c.RepositoryConfigurationDelegate – Finished Spring Data repository scanning in 95 ms. Found 2 JPA repository interfaces.
3892 [restartedMain] INFO  o.s.b.w.e.tomcat.TomcatWebServer – Tomcat initialized with port(s): 8080 (http)
3910 [restartedMain] INFO  o.a.coyote.http11.Http11NioProtocol – Initializing ProtocolHandler ["http-nio-8080"]
3913 [restartedMain] INFO  o.a.catalina.core.StandardService – Starting service [Tomcat]
3916 [restartedMain] INFO  o.a.catalina.core.StandardEngine – Starting Servlet engine: [Apache Tomcat/9.0.45]
4112 [restartedMain] INFO  o.a.c.c.C.[Tomcat].[localhost].[/] – Initializing Spring embedded WebApplicationContext
4115 [restartedMain] INFO  o.s.b.w.s.c.ServletWebServerApplicationContext – Root WebApplicationContext: initialization completed in 2851 ms
4653 [restartedMain] INFO  o.h.jpa.internal.util.LogHelper – HHH000204: Processing PersistenceUnitInfo [name: default]
4736 [restartedMain] INFO  org.hibernate.Version – HHH000412: Hibernate ORM core version 5.4.30.Final
4941 [restartedMain] INFO  o.h.annotations.common.Version – HCANN000001: Hibernate Commons Annotations {5.1.2.Final}
5805 [restartedMain] INFO  org.hibernate.dialect.Dialect – HHH000400: Using dialect: org.hibernate.dialect.PostgreSQL10Dialect
6677 [restartedMain] INFO  o.h.e.t.j.p.i.JtaPlatformInitiator – HHH000490: Using JtaPlatform implementation: [org.hibernate.engine.transaction.jta.platform.internal.NoJtaPlatform]
6706 [restartedMain] INFO  o.s.o.j.LocalContainerEntityManagerFactoryBean – Initialized JPA EntityManagerFactory for persistence unit 'default'
7409 [restartedMain] WARN  o.s.b.a.o.j.JpaBaseConfiguration$JpaWebConfiguration – spring.jpa.open-in-view is enabled by default. Therefore, database queries may be performed during view rendering. Explicitly configure spring.jpa.open-in-view to disable this warning
7702 [restartedMain] INFO  o.s.s.c.ThreadPoolTaskExecutor – Initializing ExecutorService 'applicationTaskExecutor'
8197 [restartedMain] INFO  o.s.b.d.a.OptionalLiveReloadServer – LiveReload server is running on port 35729
8249 [restartedMain] INFO  o.a.coyote.http11.Http11NioProtocol – Starting ProtocolHandler ["http-nio-8080"]
8377 [restartedMain] INFO  o.s.b.w.e.tomcat.TomcatWebServer – Tomcat started on port(s): 8080 (http) with context path ''
8417 [restartedMain] INFO  com.example.PW14.java.Application – Started Application in 7.869 seconds (JVM running for 8.881)
49494 [http-nio-8080-exec-1] INFO  o.a.c.c.C.[Tomcat].[localhost].[/] – Initializing Spring DispatcherServlet 'dispatcherServlet'
49494 [http-nio-8080-exec-1] INFO  o.s.web.servlet.DispatcherServlet – Initializing Servlet 'dispatcherServlet'
49504 [http-nio-8080-exec-1] INFO  o.s.web.servlet.DispatcherServlet – Completed initialization in 10 ms
1150653 [Thread-5] INFO  o.s.s.c.ThreadPoolTaskExecutor – Shutting down ExecutorService 'applicationTaskExecutor'
1150791 [restartedMain] INFO  com.example.PW14.java.Application – Starting Application using Java 15.0.2 on crat with PID 11608 (/home/krummchuuuk/Рабочий стол/ВУЗ/Шаблоны программных платформ языка Java/PW14.java/bin/main started by krummchuuuk in /home/krummchuuuk/Рабочий стол/ВУЗ/Шаблоны программных платформ языка Java/PW14.java)
1150792 [restartedMain] INFO  com.example.PW14.java.Application – No active profile set, falling back to default profiles: default
1151119 [restartedMain] INFO  o.s.d.r.c.RepositoryConfigurationDelegate – Bootstrapping Spring Data JPA repositories in DEFAULT mode.
1151121 [restartedMain] INFO  o.s.d.r.c.RepositoryConfigurationDelegate – Finished Spring Data repository scanning in 1 ms. Found 0 JPA repository interfaces.
1151123 [restartedMain] INFO  o.s.d.r.c.RepositoryConfigurationDelegate – Bootstrapping Spring Data JPA repositories in DEFAULT mode.
1151132 [restartedMain] INFO  o.s.d.r.c.RepositoryConfigurationDelegate – Finished Spring Data repository scanning in 8 ms. Found 2 JPA repository interfaces.
1151286 [restartedMain] INFO  o.s.b.w.e.tomcat.TomcatWebServer – Tomcat initialized with port(s): 8080 (http)
1151287 [restartedMain] INFO  o.a.coyote.http11.Http11NioProtocol – Initializing ProtocolHandler ["http-nio-8080"]
1151288 [restartedMain] INFO  o.a.catalina.core.StandardService – Starting service [Tomcat]
1151288 [restartedMain] INFO  o.a.catalina.core.StandardEngine – Starting Servlet engine: [Apache Tomcat/9.0.45]
1151300 [restartedMain] INFO  o.a.c.c.C.[Tomcat].[localhost].[/] – Initializing Spring embedded WebApplicationContext
1151301 [restartedMain] INFO  o.s.b.w.s.c.ServletWebServerApplicationContext – Root WebApplicationContext: initialization completed in 503 ms
1151334 [restartedMain] INFO  o.h.jpa.internal.util.LogHelper – HHH000204: Processing PersistenceUnitInfo [name: default]
1151394 [restartedMain] INFO  org.hibernate.dialect.Dialect – HHH000400: Using dialect: org.hibernate.dialect.PostgreSQL10Dialect
1151506 [restartedMain] INFO  o.h.e.t.j.p.i.JtaPlatformInitiator – HHH000490: Using JtaPlatform implementation: [org.hibernate.engine.transaction.jta.platform.internal.NoJtaPlatform]
1151507 [restartedMain] INFO  o.s.o.j.LocalContainerEntityManagerFactoryBean – Initialized JPA EntityManagerFactory for persistence unit 'default'
1151610 [restartedMain] WARN  o.s.b.a.o.j.JpaBaseConfiguration$JpaWebConfiguration – spring.jpa.open-in-view is enabled by default. Therefore, database queries may be performed during view rendering. Explicitly configure spring.jpa.open-in-view to disable this warning
1151666 [restartedMain] INFO  o.s.s.c.ThreadPoolTaskExecutor – Initializing ExecutorService 'applicationTaskExecutor'
1151767 [restartedMain] INFO  o.s.b.d.a.OptionalLiveReloadServer – LiveReload server is running on port 35729
1151774 [restartedMain] INFO  o.a.coyote.http11.Http11NioProtocol – Starting ProtocolHandler ["http-nio-8080"]
1151791 [restartedMain] INFO  o.s.b.w.e.tomcat.TomcatWebServer – Tomcat started on port(s): 8080 (http) with context path ''
1151795 [restartedMain] INFO  com.example.PW14.java.Application – Started Application in 1.052 seconds (JVM running for 1152.26)
1151799 [restartedMain] INFO  o.s.b.d.a.ConditionEvaluationDeltaLoggingListener – Condition evaluation unchanged
1297447 [Thread-8] INFO  o.s.s.c.ThreadPoolTaskExecutor – Shutting down ExecutorService 'applicationTaskExecutor'
1297558 [restartedMain] INFO  com.example.PW14.java.Application – Starting Application using Java 15.0.2 on crat with PID 11608 (/home/krummchuuuk/Рабочий стол/ВУЗ/Шаблоны программных платформ языка Java/PW14.java/bin/main started by krummchuuuk in /home/krummchuuuk/Рабочий стол/ВУЗ/Шаблоны программных платформ языка Java/PW14.java)
1297559 [restartedMain] INFO  com.example.PW14.java.Application – No active profile set, falling back to default profiles: default
969  [restartedMain] INFO  com.example.PW14.java.Application – Starting Application using Java 15.0.2 on crat with PID 13257 (/home/krummchuuuk/Рабочий стол/ВУЗ/Шаблоны программных платформ языка Java/PW14.java/bin/main started by krummchuuuk in /home/krummchuuuk/Рабочий стол/ВУЗ/Шаблоны программных платформ языка Java/PW14.java)
973  [restartedMain] INFO  com.example.PW14.java.Application – No active profile set, falling back to default profiles: default
1093 [restartedMain] INFO  o.s.b.d.e.DevToolsPropertyDefaultsPostProcessor – Devtools property defaults active! Set 'spring.devtools.add-properties' to 'false' to disable
1094 [restartedMain] INFO  o.s.b.d.e.DevToolsPropertyDefaultsPostProcessor – For additional web related logging consider setting the 'logging.level.web' property to 'DEBUG'
1772 [restartedMain] INFO  o.s.d.r.c.RepositoryConfigurationDelegate – Bootstrapping Spring Data JPA repositories in DEFAULT mode.
1803 [restartedMain] INFO  o.s.d.r.c.RepositoryConfigurationDelegate – Finished Spring Data repository scanning in 18 ms. Found 0 JPA repository interfaces.
1812 [restartedMain] INFO  o.s.d.r.c.RepositoryConfigurationDelegate – Bootstrapping Spring Data JPA repositories in DEFAULT mode.
1892 [restartedMain] INFO  o.s.d.r.c.RepositoryConfigurationDelegate – Finished Spring Data repository scanning in 77 ms. Found 2 JPA repository interfaces.
2917 [restartedMain] INFO  o.s.b.w.e.tomcat.TomcatWebServer – Tomcat initialized with port(s): 8080 (http)
2933 [restartedMain] INFO  o.a.coyote.http11.Http11NioProtocol – Initializing ProtocolHandler ["http-nio-8080"]
2935 [restartedMain] INFO  o.a.catalina.core.StandardService – Starting service [Tomcat]
2937 [restartedMain] INFO  o.a.catalina.core.StandardEngine – Starting Servlet engine: [Apache Tomcat/9.0.45]
3074 [restartedMain] INFO  o.a.c.c.C.[Tomcat].[localhost].[/] – Initializing Spring embedded WebApplicationContext
3075 [restartedMain] INFO  o.s.b.w.s.c.ServletWebServerApplicationContext – Root WebApplicationContext: initialization completed in 1979 ms
3350 [restartedMain] INFO  o.h.jpa.internal.util.LogHelper – HHH000204: Processing PersistenceUnitInfo [name: default]
3410 [restartedMain] INFO  org.hibernate.Version – HHH000412: Hibernate ORM core version 5.4.30.Final
3591 [restartedMain] INFO  o.h.annotations.common.Version – HCANN000001: Hibernate Commons Annotations {5.1.2.Final}
4319 [restartedMain] INFO  org.hibernate.dialect.Dialect – HHH000400: Using dialect: org.hibernate.dialect.PostgreSQL10Dialect
5052 [restartedMain] INFO  o.h.e.t.j.p.i.JtaPlatformInitiator – HHH000490: Using JtaPlatform implementation: [org.hibernate.engine.transaction.jta.platform.internal.NoJtaPlatform]
5071 [restartedMain] INFO  o.s.o.j.LocalContainerEntityManagerFactoryBean – Initialized JPA EntityManagerFactory for persistence unit 'default'
5532 [restartedMain] WARN  o.s.b.a.o.j.JpaBaseConfiguration$JpaWebConfiguration – spring.jpa.open-in-view is enabled by default. Therefore, database queries may be performed during view rendering. Explicitly configure spring.jpa.open-in-view to disable this warning
5679 [restartedMain] INFO  o.s.s.c.ThreadPoolTaskExecutor – Initializing ExecutorService 'applicationTaskExecutor'
6045 [restartedMain] INFO  o.s.b.d.a.OptionalLiveReloadServer – LiveReload server is running on port 35729
6071 [restartedMain] INFO  o.a.coyote.http11.Http11NioProtocol – Starting ProtocolHandler ["http-nio-8080"]
6138 [restartedMain] INFO  o.s.b.w.e.tomcat.TomcatWebServer – Tomcat started on port(s): 8080 (http) with context path ''
6166 [restartedMain] INFO  com.example.PW14.java.Application – Started Application in 5.661 seconds (JVM running for 6.514)
17869 [http-nio-8080-exec-1] INFO  o.a.c.c.C.[Tomcat].[localhost].[/] – Initializing Spring DispatcherServlet 'dispatcherServlet'
17869 [http-nio-8080-exec-1] INFO  o.s.web.servlet.DispatcherServlet – Initializing Servlet 'dispatcherServlet'
17871 [http-nio-8080-exec-1] INFO  o.s.web.servlet.DispatcherServlet – Completed initialization in 2 ms
18057 [http-nio-8080-exec-1] INFO  c.e.P.java.services.MarketService – Show all markets
29295 [http-nio-8080-exec-3] INFO  c.e.P.java.services.MarketService – Show market where criteria is  Viktoria
29303 [http-nio-8080-exec-3] ERROR o.a.c.c.C.[.[.[.[dispatcherServlet] – Servlet.service() for servlet [dispatcherServlet] in context with path [] threw exception [Request processing failed; nested exception is java.lang.NullPointerException: Cannot invoke "java.util.List.size()" because "market_list" is null] with root cause
java.lang.NullPointerException: Cannot invoke "java.util.List.size()" because "market_list" is null
	at com.example.PW14.java.services.MarketService.showByCriteria(MarketService.java:71)
	at com.example.PW14.java.services.MarketService$$FastClassBySpringCGLIB$$3e16aac2.invoke(<generated>)
	at org.springframework.cglib.proxy.MethodProxy.invoke(MethodProxy.java:218)
	at org.springframework.aop.framework.CglibAopProxy$CglibMethodInvocation.invokeJoinpoint(CglibAopProxy.java:779)
	at org.springframework.aop.framework.ReflectiveMethodInvocation.proceed(ReflectiveMethodInvocation.java:163)
	at org.springframework.aop.framework.CglibAopProxy$CglibMethodInvocation.proceed(CglibAopProxy.java:750)
	at org.springframework.transaction.interceptor.TransactionInterceptor$1.proceedWithInvocation(TransactionInterceptor.java:123)
	at org.springframework.transaction.interceptor.TransactionAspectSupport.invokeWithinTransaction(TransactionAspectSupport.java:388)
	at org.springframework.transaction.interceptor.TransactionInterceptor.invoke(TransactionInterceptor.java:119)
	at org.springframework.aop.framework.ReflectiveMethodInvocation.proceed(ReflectiveMethodInvocation.java:186)
	at org.springframework.aop.framework.CglibAopProxy$CglibMethodInvocation.proceed(CglibAopProxy.java:750)
	at org.springframework.aop.framework.CglibAopProxy$DynamicAdvisedInterceptor.intercept(CglibAopProxy.java:692)
	at com.example.PW14.java.services.MarketService$$EnhancerBySpringCGLIB$$d29825ff.showByCriteria(<generated>)
	at com.example.PW14.java.controllers.MarketController.show(MarketController.java:25)
	at java.base/jdk.internal.reflect.NativeMethodAccessorImpl.invoke0(Native Method)
	at java.base/jdk.internal.reflect.NativeMethodAccessorImpl.invoke(NativeMethodAccessorImpl.java:64)
	at java.base/jdk.internal.reflect.DelegatingMethodAccessorImpl.invoke(DelegatingMethodAccessorImpl.java:43)
	at java.base/java.lang.reflect.Method.invoke(Method.java:564)
	at org.springframework.web.method.support.InvocableHandlerMethod.doInvoke(InvocableHandlerMethod.java:197)
	at org.springframework.web.method.support.InvocableHandlerMethod.invokeForRequest(InvocableHandlerMethod.java:141)
	at org.springframework.web.servlet.mvc.method.annotation.ServletInvocableHandlerMethod.invokeAndHandle(ServletInvocableHandlerMethod.java:106)
	at org.springframework.web.servlet.mvc.method.annotation.RequestMappingHandlerAdapter.invokeHandlerMethod(RequestMappingHandlerAdapter.java:894)
	at org.springframework.web.servlet.mvc.method.annotation.RequestMappingHandlerAdapter.handleInternal(RequestMappingHandlerAdapter.java:808)
	at org.springframework.web.servlet.mvc.method.AbstractHandlerMethodAdapter.handle(AbstractHandlerMethodAdapter.java:87)
	at org.springframework.web.servlet.DispatcherServlet.doDispatch(DispatcherServlet.java:1060)
	at org.springframework.web.servlet.DispatcherServlet.doService(DispatcherServlet.java:962)
	at org.springframework.web.servlet.FrameworkServlet.processRequest(FrameworkServlet.java:1006)
	at org.springframework.web.servlet.FrameworkServlet.doGet(FrameworkServlet.java:898)
	at javax.servlet.http.HttpServlet.service(HttpServlet.java:626)
	at org.springframework.web.servlet.FrameworkServlet.service(FrameworkServlet.java:883)
	at javax.servlet.http.HttpServlet.service(HttpServlet.java:733)
	at org.apache.catalina.core.ApplicationFilterChain.internalDoFilter(ApplicationFilterChain.java:227)
	at org.apache.catalina.core.ApplicationFilterChain.doFilter(ApplicationFilterChain.java:162)
	at org.apache.tomcat.websocket.server.WsFilter.doFilter(WsFilter.java:53)
	at org.apache.catalina.core.ApplicationFilterChain.internalDoFilter(ApplicationFilterChain.java:189)
	at org.apache.catalina.core.ApplicationFilterChain.doFilter(ApplicationFilterChain.java:162)
	at org.springframework.web.filter.RequestContextFilter.doFilterInternal(RequestContextFilter.java:100)
	at org.springframework.web.filter.OncePerRequestFilter.doFilter(OncePerRequestFilter.java:119)
	at org.apache.catalina.core.ApplicationFilterChain.internalDoFilter(ApplicationFilterChain.java:189)
	at org.apache.catalina.core.ApplicationFilterChain.doFilter(ApplicationFilterChain.java:162)
	at org.springframework.web.filter.FormContentFilter.doFilterInternal(FormContentFilter.java:93)
	at org.springframework.web.filter.OncePerRequestFilter.doFilter(OncePerRequestFilter.java:119)
	at org.apache.catalina.core.ApplicationFilterChain.internalDoFilter(ApplicationFilterChain.java:189)
	at org.apache.catalina.core.ApplicationFilterChain.doFilter(ApplicationFilterChain.java:162)
	at org.springframework.web.filter.CharacterEncodingFilter.doFilterInternal(CharacterEncodingFilter.java:201)
	at org.springframework.web.filter.OncePerRequestFilter.doFilter(OncePerRequestFilter.java:119)
	at org.apache.catalina.core.ApplicationFilterChain.internalDoFilter(ApplicationFilterChain.java:189)
	at org.apache.catalina.core.ApplicationFilterChain.doFilter(ApplicationFilterChain.java:162)
	at org.apache.catalina.core.StandardWrapperValve.invoke(StandardWrapperValve.java:202)
	at org.apache.catalina.core.StandardContextValve.invoke(StandardContextValve.java:97)
	at org.apache.catalina.authenticator.AuthenticatorBase.invoke(AuthenticatorBase.java:542)
	at org.apache.catalina.core.StandardHostValve.invoke(StandardHostValve.java:143)
	at org.apache.catalina.valves.ErrorReportValve.invoke(ErrorReportValve.java:92)
	at org.apache.catalina.core.StandardEngineValve.invoke(StandardEngineValve.java:78)
	at org.apache.catalina.connector.CoyoteAdapter.service(CoyoteAdapter.java:357)
	at org.apache.coyote.http11.Http11Processor.service(Http11Processor.java:374)
	at org.apache.coyote.AbstractProcessorLight.process(AbstractProcessorLight.java:65)
	at org.apache.coyote.AbstractProtocol$ConnectionHandler.process(AbstractProtocol.java:893)
	at org.apache.tomcat.util.net.NioEndpoint$SocketProcessor.doRun(NioEndpoint.java:1707)
	at org.apache.tomcat.util.net.SocketProcessorBase.run(SocketProcessorBase.java:49)
	at java.base/java.util.concurrent.ThreadPoolExecutor.runWorker(ThreadPoolExecutor.java:1130)
	at java.base/java.util.concurrent.ThreadPoolExecutor$Worker.run(ThreadPoolExecutor.java:630)
	at org.apache.tomcat.util.threads.TaskThread$WrappingRunnable.run(TaskThread.java:61)
	at java.base/java.lang.Thread.run(Thread.java:832)
38936 [http-nio-8080-exec-2] INFO  c.e.P.java.services.MarketService – Show all markets
45314 [http-nio-8080-exec-4] INFO  c.e.P.java.services.MarketService – Show market where criteria is  Viktoria
45318 [http-nio-8080-exec-4] ERROR o.a.c.c.C.[.[.[.[dispatcherServlet] – Servlet.service() for servlet [dispatcherServlet] in context with path [] threw exception [Request processing failed; nested exception is java.lang.NullPointerException: Cannot invoke "java.util.List.size()" because "market_list" is null] with root cause
java.lang.NullPointerException: Cannot invoke "java.util.List.size()" because "market_list" is null
	at com.example.PW14.java.services.MarketService.showByCriteria(MarketService.java:71)
	at com.example.PW14.java.services.MarketService$$FastClassBySpringCGLIB$$3e16aac2.invoke(<generated>)
	at org.springframework.cglib.proxy.MethodProxy.invoke(MethodProxy.java:218)
	at org.springframework.aop.framework.CglibAopProxy$CglibMethodInvocation.invokeJoinpoint(CglibAopProxy.java:779)
	at org.springframework.aop.framework.ReflectiveMethodInvocation.proceed(ReflectiveMethodInvocation.java:163)
	at org.springframework.aop.framework.CglibAopProxy$CglibMethodInvocation.proceed(CglibAopProxy.java:750)
	at org.springframework.transaction.interceptor.TransactionInterceptor$1.proceedWithInvocation(TransactionInterceptor.java:123)
	at org.springframework.transaction.interceptor.TransactionAspectSupport.invokeWithinTransaction(TransactionAspectSupport.java:388)
	at org.springframework.transaction.interceptor.TransactionInterceptor.invoke(TransactionInterceptor.java:119)
	at org.springframework.aop.framework.ReflectiveMethodInvocation.proceed(ReflectiveMethodInvocation.java:186)
	at org.springframework.aop.framework.CglibAopProxy$CglibMethodInvocation.proceed(CglibAopProxy.java:750)
	at org.springframework.aop.framework.CglibAopProxy$DynamicAdvisedInterceptor.intercept(CglibAopProxy.java:692)
	at com.example.PW14.java.services.MarketService$$EnhancerBySpringCGLIB$$d29825ff.showByCriteria(<generated>)
	at com.example.PW14.java.controllers.MarketController.show(MarketController.java:25)
	at java.base/jdk.internal.reflect.NativeMethodAccessorImpl.invoke0(Native Method)
	at java.base/jdk.internal.reflect.NativeMethodAccessorImpl.invoke(NativeMethodAccessorImpl.java:64)
	at java.base/jdk.internal.reflect.DelegatingMethodAccessorImpl.invoke(DelegatingMethodAccessorImpl.java:43)
	at java.base/java.lang.reflect.Method.invoke(Method.java:564)
	at org.springframework.web.method.support.InvocableHandlerMethod.doInvoke(InvocableHandlerMethod.java:197)
	at org.springframework.web.method.support.InvocableHandlerMethod.invokeForRequest(InvocableHandlerMethod.java:141)
	at org.springframework.web.servlet.mvc.method.annotation.ServletInvocableHandlerMethod.invokeAndHandle(ServletInvocableHandlerMethod.java:106)
	at org.springframework.web.servlet.mvc.method.annotation.RequestMappingHandlerAdapter.invokeHandlerMethod(RequestMappingHandlerAdapter.java:894)
	at org.springframework.web.servlet.mvc.method.annotation.RequestMappingHandlerAdapter.handleInternal(RequestMappingHandlerAdapter.java:808)
	at org.springframework.web.servlet.mvc.method.AbstractHandlerMethodAdapter.handle(AbstractHandlerMethodAdapter.java:87)
	at org.springframework.web.servlet.DispatcherServlet.doDispatch(DispatcherServlet.java:1060)
	at org.springframework.web.servlet.DispatcherServlet.doService(DispatcherServlet.java:962)
	at org.springframework.web.servlet.FrameworkServlet.processRequest(FrameworkServlet.java:1006)
	at org.springframework.web.servlet.FrameworkServlet.doGet(FrameworkServlet.java:898)
	at javax.servlet.http.HttpServlet.service(HttpServlet.java:626)
	at org.springframework.web.servlet.FrameworkServlet.service(FrameworkServlet.java:883)
	at javax.servlet.http.HttpServlet.service(HttpServlet.java:733)
	at org.apache.catalina.core.ApplicationFilterChain.internalDoFilter(ApplicationFilterChain.java:227)
	at org.apache.catalina.core.ApplicationFilterChain.doFilter(ApplicationFilterChain.java:162)
	at org.apache.tomcat.websocket.server.WsFilter.doFilter(WsFilter.java:53)
	at org.apache.catalina.core.ApplicationFilterChain.internalDoFilter(ApplicationFilterChain.java:189)
	at org.apache.catalina.core.ApplicationFilterChain.doFilter(ApplicationFilterChain.java:162)
	at org.springframework.web.filter.RequestContextFilter.doFilterInternal(RequestContextFilter.java:100)
	at org.springframework.web.filter.OncePerRequestFilter.doFilter(OncePerRequestFilter.java:119)
	at org.apache.catalina.core.ApplicationFilterChain.internalDoFilter(ApplicationFilterChain.java:189)
	at org.apache.catalina.core.ApplicationFilterChain.doFilter(ApplicationFilterChain.java:162)
	at org.springframework.web.filter.FormContentFilter.doFilterInternal(FormContentFilter.java:93)
	at org.springframework.web.filter.OncePerRequestFilter.doFilter(OncePerRequestFilter.java:119)
	at org.apache.catalina.core.ApplicationFilterChain.internalDoFilter(ApplicationFilterChain.java:189)
	at org.apache.catalina.core.ApplicationFilterChain.doFilter(ApplicationFilterChain.java:162)
	at org.springframework.web.filter.CharacterEncodingFilter.doFilterInternal(CharacterEncodingFilter.java:201)
	at org.springframework.web.filter.OncePerRequestFilter.doFilter(OncePerRequestFilter.java:119)
	at org.apache.catalina.core.ApplicationFilterChain.internalDoFilter(ApplicationFilterChain.java:189)
	at org.apache.catalina.core.ApplicationFilterChain.doFilter(ApplicationFilterChain.java:162)
	at org.apache.catalina.core.StandardWrapperValve.invoke(StandardWrapperValve.java:202)
	at org.apache.catalina.core.StandardContextValve.invoke(StandardContextValve.java:97)
	at org.apache.catalina.authenticator.AuthenticatorBase.invoke(AuthenticatorBase.java:542)
	at org.apache.catalina.core.StandardHostValve.invoke(StandardHostValve.java:143)
	at org.apache.catalina.valves.ErrorReportValve.invoke(ErrorReportValve.java:92)
	at org.apache.catalina.core.StandardEngineValve.invoke(StandardEngineValve.java:78)
	at org.apache.catalina.connector.CoyoteAdapter.service(CoyoteAdapter.java:357)
	at org.apache.coyote.http11.Http11Processor.service(Http11Processor.java:374)
	at org.apache.coyote.AbstractProcessorLight.process(AbstractProcessorLight.java:65)
	at org.apache.coyote.AbstractProtocol$ConnectionHandler.process(AbstractProtocol.java:893)
	at org.apache.tomcat.util.net.NioEndpoint$SocketProcessor.doRun(NioEndpoint.java:1707)
	at org.apache.tomcat.util.net.SocketProcessorBase.run(SocketProcessorBase.java:49)
	at java.base/java.util.concurrent.ThreadPoolExecutor.runWorker(ThreadPoolExecutor.java:1130)
	at java.base/java.util.concurrent.ThreadPoolExecutor$Worker.run(ThreadPoolExecutor.java:630)
	at org.apache.tomcat.util.threads.TaskThread$WrappingRunnable.run(TaskThread.java:61)
	at java.base/java.lang.Thread.run(Thread.java:832)
58386 [http-nio-8080-exec-6] INFO  c.e.P.java.services.MarketService – Show market where criteria is  Okey
58389 [http-nio-8080-exec-6] ERROR o.a.c.c.C.[.[.[.[dispatcherServlet] – Servlet.service() for servlet [dispatcherServlet] in context with path [] threw exception [Request processing failed; nested exception is java.lang.NullPointerException: Cannot invoke "java.util.List.size()" because "market_list" is null] with root cause
java.lang.NullPointerException: Cannot invoke "java.util.List.size()" because "market_list" is null
	at com.example.PW14.java.services.MarketService.showByCriteria(MarketService.java:71)
	at com.example.PW14.java.services.MarketService$$FastClassBySpringCGLIB$$3e16aac2.invoke(<generated>)
	at org.springframework.cglib.proxy.MethodProxy.invoke(MethodProxy.java:218)
	at org.springframework.aop.framework.CglibAopProxy$CglibMethodInvocation.invokeJoinpoint(CglibAopProxy.java:779)
	at org.springframework.aop.framework.ReflectiveMethodInvocation.proceed(ReflectiveMethodInvocation.java:163)
	at org.springframework.aop.framework.CglibAopProxy$CglibMethodInvocation.proceed(CglibAopProxy.java:750)
	at org.springframework.transaction.interceptor.TransactionInterceptor$1.proceedWithInvocation(TransactionInterceptor.java:123)
	at org.springframework.transaction.interceptor.TransactionAspectSupport.invokeWithinTransaction(TransactionAspectSupport.java:388)
	at org.springframework.transaction.interceptor.TransactionInterceptor.invoke(TransactionInterceptor.java:119)
	at org.springframework.aop.framework.ReflectiveMethodInvocation.proceed(ReflectiveMethodInvocation.java:186)
	at org.springframework.aop.framework.CglibAopProxy$CglibMethodInvocation.proceed(CglibAopProxy.java:750)
	at org.springframework.aop.framework.CglibAopProxy$DynamicAdvisedInterceptor.intercept(CglibAopProxy.java:692)
	at com.example.PW14.java.services.MarketService$$EnhancerBySpringCGLIB$$d29825ff.showByCriteria(<generated>)
	at com.example.PW14.java.controllers.MarketController.show(MarketController.java:25)
	at java.base/jdk.internal.reflect.NativeMethodAccessorImpl.invoke0(Native Method)
	at java.base/jdk.internal.reflect.NativeMethodAccessorImpl.invoke(NativeMethodAccessorImpl.java:64)
	at java.base/jdk.internal.reflect.DelegatingMethodAccessorImpl.invoke(DelegatingMethodAccessorImpl.java:43)
	at java.base/java.lang.reflect.Method.invoke(Method.java:564)
	at org.springframework.web.method.support.InvocableHandlerMethod.doInvoke(InvocableHandlerMethod.java:197)
	at org.springframework.web.method.support.InvocableHandlerMethod.invokeForRequest(InvocableHandlerMethod.java:141)
	at org.springframework.web.servlet.mvc.method.annotation.ServletInvocableHandlerMethod.invokeAndHandle(ServletInvocableHandlerMethod.java:106)
	at org.springframework.web.servlet.mvc.method.annotation.RequestMappingHandlerAdapter.invokeHandlerMethod(RequestMappingHandlerAdapter.java:894)
	at org.springframework.web.servlet.mvc.method.annotation.RequestMappingHandlerAdapter.handleInternal(RequestMappingHandlerAdapter.java:808)
	at org.springframework.web.servlet.mvc.method.AbstractHandlerMethodAdapter.handle(AbstractHandlerMethodAdapter.java:87)
	at org.springframework.web.servlet.DispatcherServlet.doDispatch(DispatcherServlet.java:1060)
	at org.springframework.web.servlet.DispatcherServlet.doService(DispatcherServlet.java:962)
	at org.springframework.web.servlet.FrameworkServlet.processRequest(FrameworkServlet.java:1006)
	at org.springframework.web.servlet.FrameworkServlet.doGet(FrameworkServlet.java:898)
	at javax.servlet.http.HttpServlet.service(HttpServlet.java:626)
	at org.springframework.web.servlet.FrameworkServlet.service(FrameworkServlet.java:883)
	at javax.servlet.http.HttpServlet.service(HttpServlet.java:733)
	at org.apache.catalina.core.ApplicationFilterChain.internalDoFilter(ApplicationFilterChain.java:227)
	at org.apache.catalina.core.ApplicationFilterChain.doFilter(ApplicationFilterChain.java:162)
	at org.apache.tomcat.websocket.server.WsFilter.doFilter(WsFilter.java:53)
	at org.apache.catalina.core.ApplicationFilterChain.internalDoFilter(ApplicationFilterChain.java:189)
	at org.apache.catalina.core.ApplicationFilterChain.doFilter(ApplicationFilterChain.java:162)
	at org.springframework.web.filter.RequestContextFilter.doFilterInternal(RequestContextFilter.java:100)
	at org.springframework.web.filter.OncePerRequestFilter.doFilter(OncePerRequestFilter.java:119)
	at org.apache.catalina.core.ApplicationFilterChain.internalDoFilter(ApplicationFilterChain.java:189)
	at org.apache.catalina.core.ApplicationFilterChain.doFilter(ApplicationFilterChain.java:162)
	at org.springframework.web.filter.FormContentFilter.doFilterInternal(FormContentFilter.java:93)
	at org.springframework.web.filter.OncePerRequestFilter.doFilter(OncePerRequestFilter.java:119)
	at org.apache.catalina.core.ApplicationFilterChain.internalDoFilter(ApplicationFilterChain.java:189)
	at org.apache.catalina.core.ApplicationFilterChain.doFilter(ApplicationFilterChain.java:162)
	at org.springframework.web.filter.CharacterEncodingFilter.doFilterInternal(CharacterEncodingFilter.java:201)
	at org.springframework.web.filter.OncePerRequestFilter.doFilter(OncePerRequestFilter.java:119)
	at org.apache.catalina.core.ApplicationFilterChain.internalDoFilter(ApplicationFilterChain.java:189)
	at org.apache.catalina.core.ApplicationFilterChain.doFilter(ApplicationFilterChain.java:162)
	at org.apache.catalina.core.StandardWrapperValve.invoke(StandardWrapperValve.java:202)
	at org.apache.catalina.core.StandardContextValve.invoke(StandardContextValve.java:97)
	at org.apache.catalina.authenticator.AuthenticatorBase.invoke(AuthenticatorBase.java:542)
	at org.apache.catalina.core.StandardHostValve.invoke(StandardHostValve.java:143)
	at org.apache.catalina.valves.ErrorReportValve.invoke(ErrorReportValve.java:92)
	at org.apache.catalina.core.StandardEngineValve.invoke(StandardEngineValve.java:78)
	at org.apache.catalina.connector.CoyoteAdapter.service(CoyoteAdapter.java:357)
	at org.apache.coyote.http11.Http11Processor.service(Http11Processor.java:374)
	at org.apache.coyote.AbstractProcessorLight.process(AbstractProcessorLight.java:65)
	at org.apache.coyote.AbstractProtocol$ConnectionHandler.process(AbstractProtocol.java:893)
	at org.apache.tomcat.util.net.NioEndpoint$SocketProcessor.doRun(NioEndpoint.java:1707)
	at org.apache.tomcat.util.net.SocketProcessorBase.run(SocketProcessorBase.java:49)
	at java.base/java.util.concurrent.ThreadPoolExecutor.runWorker(ThreadPoolExecutor.java:1130)
	at java.base/java.util.concurrent.ThreadPoolExecutor$Worker.run(ThreadPoolExecutor.java:630)
	at org.apache.tomcat.util.threads.TaskThread$WrappingRunnable.run(TaskThread.java:61)
	at java.base/java.lang.Thread.run(Thread.java:832)
1029 [restartedMain] INFO  com.example.PW14.java.Application – Starting Application using Java 15.0.2 on crat with PID 13423 (/home/krummchuuuk/Рабочий стол/ВУЗ/Шаблоны программных платформ языка Java/PW14.java/bin/main started by krummchuuuk in /home/krummchuuuk/Рабочий стол/ВУЗ/Шаблоны программных платформ языка Java/PW14.java)
1033 [restartedMain] INFO  com.example.PW14.java.Application – No active profile set, falling back to default profiles: default
1136 [restartedMain] INFO  o.s.b.d.e.DevToolsPropertyDefaultsPostProcessor – Devtools property defaults active! Set 'spring.devtools.add-properties' to 'false' to disable
1136 [restartedMain] INFO  o.s.b.d.e.DevToolsPropertyDefaultsPostProcessor – For additional web related logging consider setting the 'logging.level.web' property to 'DEBUG'
1887 [restartedMain] INFO  o.s.d.r.c.RepositoryConfigurationDelegate – Bootstrapping Spring Data JPA repositories in DEFAULT mode.
1911 [restartedMain] INFO  o.s.d.r.c.RepositoryConfigurationDelegate – Finished Spring Data repository scanning in 7 ms. Found 0 JPA repository interfaces.
1915 [restartedMain] INFO  o.s.d.r.c.RepositoryConfigurationDelegate – Bootstrapping Spring Data JPA repositories in DEFAULT mode.
1997 [restartedMain] INFO  o.s.d.r.c.RepositoryConfigurationDelegate – Finished Spring Data repository scanning in 81 ms. Found 2 JPA repository interfaces.
2949 [restartedMain] INFO  o.s.b.w.e.tomcat.TomcatWebServer – Tomcat initialized with port(s): 8080 (http)
2965 [restartedMain] INFO  o.a.coyote.http11.Http11NioProtocol – Initializing ProtocolHandler ["http-nio-8080"]
2966 [restartedMain] INFO  o.a.catalina.core.StandardService – Starting service [Tomcat]
2967 [restartedMain] INFO  o.a.catalina.core.StandardEngine – Starting Servlet engine: [Apache Tomcat/9.0.45]
3066 [restartedMain] INFO  o.a.c.c.C.[Tomcat].[localhost].[/] – Initializing Spring embedded WebApplicationContext
3066 [restartedMain] INFO  o.s.b.w.s.c.ServletWebServerApplicationContext – Root WebApplicationContext: initialization completed in 1929 ms
3309 [restartedMain] INFO  o.h.jpa.internal.util.LogHelper – HHH000204: Processing PersistenceUnitInfo [name: default]
3353 [restartedMain] INFO  org.hibernate.Version – HHH000412: Hibernate ORM core version 5.4.30.Final
3473 [restartedMain] INFO  o.h.annotations.common.Version – HCANN000001: Hibernate Commons Annotations {5.1.2.Final}
4156 [restartedMain] INFO  org.hibernate.dialect.Dialect – HHH000400: Using dialect: org.hibernate.dialect.PostgreSQL10Dialect
5017 [restartedMain] INFO  o.h.e.t.j.p.i.JtaPlatformInitiator – HHH000490: Using JtaPlatform implementation: [org.hibernate.engine.transaction.jta.platform.internal.NoJtaPlatform]
5038 [restartedMain] INFO  o.s.o.j.LocalContainerEntityManagerFactoryBean – Initialized JPA EntityManagerFactory for persistence unit 'default'
5538 [restartedMain] WARN  o.s.b.a.o.j.JpaBaseConfiguration$JpaWebConfiguration – spring.jpa.open-in-view is enabled by default. Therefore, database queries may be performed during view rendering. Explicitly configure spring.jpa.open-in-view to disable this warning
5668 [restartedMain] INFO  o.s.s.c.ThreadPoolTaskExecutor – Initializing ExecutorService 'applicationTaskExecutor'
5945 [restartedMain] INFO  o.s.b.d.a.OptionalLiveReloadServer – LiveReload server is running on port 35729
5974 [restartedMain] INFO  o.a.coyote.http11.Http11NioProtocol – Starting ProtocolHandler ["http-nio-8080"]
6059 [restartedMain] INFO  o.s.b.w.e.tomcat.TomcatWebServer – Tomcat started on port(s): 8080 (http) with context path ''
6079 [restartedMain] INFO  com.example.PW14.java.Application – Started Application in 5.541 seconds (JVM running for 6.285)
10976 [http-nio-8080-exec-1] INFO  o.a.c.c.C.[Tomcat].[localhost].[/] – Initializing Spring DispatcherServlet 'dispatcherServlet'
10977 [http-nio-8080-exec-1] INFO  o.s.web.servlet.DispatcherServlet – Initializing Servlet 'dispatcherServlet'
10980 [http-nio-8080-exec-1] INFO  o.s.web.servlet.DispatcherServlet – Completed initialization in 2 ms
26241 [http-nio-8080-exec-1] INFO  c.e.P.java.services.MarketService – Show market where criteria is  Okey
1334 [restartedMain] INFO  com.example.PW14.java.Application – Starting Application using Java 15.0.2 on crat with PID 13705 (/home/krummchuuuk/Рабочий стол/ВУЗ/Шаблоны программных платформ языка Java/PW14.java/bin/main started by krummchuuuk in /home/krummchuuuk/Рабочий стол/ВУЗ/Шаблоны программных платформ языка Java/PW14.java)
1340 [restartedMain] INFO  com.example.PW14.java.Application – No active profile set, falling back to default profiles: default
1552 [restartedMain] INFO  o.s.b.d.e.DevToolsPropertyDefaultsPostProcessor – Devtools property defaults active! Set 'spring.devtools.add-properties' to 'false' to disable
1552 [restartedMain] INFO  o.s.b.d.e.DevToolsPropertyDefaultsPostProcessor – For additional web related logging consider setting the 'logging.level.web' property to 'DEBUG'
2410 [restartedMain] INFO  o.s.d.r.c.RepositoryConfigurationDelegate – Bootstrapping Spring Data JPA repositories in DEFAULT mode.
2433 [restartedMain] INFO  o.s.d.r.c.RepositoryConfigurationDelegate – Finished Spring Data repository scanning in 8 ms. Found 0 JPA repository interfaces.
2437 [restartedMain] INFO  o.s.d.r.c.RepositoryConfigurationDelegate – Bootstrapping Spring Data JPA repositories in DEFAULT mode.
2497 [restartedMain] INFO  o.s.d.r.c.RepositoryConfigurationDelegate – Finished Spring Data repository scanning in 59 ms. Found 2 JPA repository interfaces.
3644 [restartedMain] INFO  o.s.b.w.e.tomcat.TomcatWebServer – Tomcat initialized with port(s): 8080 (http)
3666 [restartedMain] INFO  o.a.coyote.http11.Http11NioProtocol – Initializing ProtocolHandler ["http-nio-8080"]
3667 [restartedMain] INFO  o.a.catalina.core.StandardService – Starting service [Tomcat]
3668 [restartedMain] INFO  o.a.catalina.core.StandardEngine – Starting Servlet engine: [Apache Tomcat/9.0.45]
3792 [restartedMain] INFO  o.a.c.c.C.[Tomcat].[localhost].[/] – Initializing Spring embedded WebApplicationContext
3792 [restartedMain] INFO  o.s.b.w.s.c.ServletWebServerApplicationContext – Root WebApplicationContext: initialization completed in 2239 ms
4124 [restartedMain] INFO  o.h.jpa.internal.util.LogHelper – HHH000204: Processing PersistenceUnitInfo [name: default]
4191 [restartedMain] INFO  org.hibernate.Version – HHH000412: Hibernate ORM core version 5.4.30.Final
4394 [restartedMain] INFO  o.h.annotations.common.Version – HCANN000001: Hibernate Commons Annotations {5.1.2.Final}
5188 [restartedMain] INFO  org.hibernate.dialect.Dialect – HHH000400: Using dialect: org.hibernate.dialect.PostgreSQL10Dialect
5958 [restartedMain] INFO  o.h.e.t.j.p.i.JtaPlatformInitiator – HHH000490: Using JtaPlatform implementation: [org.hibernate.engine.transaction.jta.platform.internal.NoJtaPlatform]
5972 [restartedMain] INFO  o.s.o.j.LocalContainerEntityManagerFactoryBean – Initialized JPA EntityManagerFactory for persistence unit 'default'
6543 [restartedMain] WARN  o.s.b.a.o.j.JpaBaseConfiguration$JpaWebConfiguration – spring.jpa.open-in-view is enabled by default. Therefore, database queries may be performed during view rendering. Explicitly configure spring.jpa.open-in-view to disable this warning
6717 [restartedMain] INFO  o.s.s.c.ThreadPoolTaskExecutor – Initializing ExecutorService 'applicationTaskExecutor'
7092 [restartedMain] INFO  o.s.b.d.a.OptionalLiveReloadServer – LiveReload server is running on port 35729
7125 [restartedMain] INFO  o.a.coyote.http11.Http11NioProtocol – Starting ProtocolHandler ["http-nio-8080"]
7212 [restartedMain] INFO  o.s.b.w.e.tomcat.TomcatWebServer – Tomcat started on port(s): 8080 (http) with context path ''
7230 [restartedMain] INFO  com.example.PW14.java.Application – Started Application in 6.446 seconds (JVM running for 7.821)
16832 [http-nio-8080-exec-1] INFO  o.a.c.c.C.[Tomcat].[localhost].[/] – Initializing Spring DispatcherServlet 'dispatcherServlet'
16832 [http-nio-8080-exec-1] INFO  o.s.web.servlet.DispatcherServlet – Initializing Servlet 'dispatcherServlet'
16834 [http-nio-8080-exec-1] INFO  o.s.web.servlet.DispatcherServlet – Completed initialization in 2 ms
